INFO Задание №1. Алгоритм шифрования DES. Выполните первый цикл алгоритма
шифрования DES. Для получения 64 бит исходного текста используйте 8
первых букв из своих данных: Фамилии Имени Отчества. Для получения
ключа (256 бит) используют текст, состоящий из 32 букв.

INFO >>>>>>>>>>>>>>>>>>>>>>>>>>>>>>>>>>>>>>>>>>>>>>>>>>>>>>>>>>>>>>>>>>>>>>>>>>


INFO Перевод входящего сообщения ГОЛУБЕВВ в двоичный код (кодировка ASCII) = 1100001111001110110010111101001111000001110001011100001011000010

INFO Перевод первого подключа АЛЕКСАН в двоичный код (кодировка ASCII) X0 = 11000000110010111100010111001010110100011100000011001101

INFO Уменьшаем длину ключа X0 до 48 бит
 Результат Х0 = 110000011001011100010110010111010001100000110011

INFO Выполняем операцию перестановки битовой последовательности исходного сообщения.
Результат = 1111111100001000001000100011110111111111000000000000011011001111

INFO Получаем L0 = 11111111000010000010001000111101

INFO Получаем R0 = 11111111000000000000011011001111

INFO Расширенный R0 = 111111111110100000000000000000001101011001011111

INFO Результат сложения X0 и R0 = 001111100111111100010110010111011100111001101100

INFO s-box1: Строка-1 Столбец-7 Значиение-1-0001
INFO s-box2: Строка-3 Столбец-3 Значиение-1-0001
INFO s-box3: Строка-2 Столбец-14 Значиение-14-1110
INFO s-box4: Строка-0 Столбец-11 Значиение-5-0101
INFO s-box5: Строка-1 Столбец-11 Значиение-10-1010
INFO s-box6: Строка-0 Столбец-14 Значиение-5-0101
INFO s-box7: Строка-3 Столбец-12 Значиение-14-1110
INFO s-box8: Строка-2 Столбец-6 Значиение-14-1110
INFO Результат подстановок из таблиц = 00010001111001011010010111101110

INFO Обхединение R и L = 0001000111100101101001011110111011111111000010000010001000111101

INFO Итоговая перестановка. Результат = 1101011010001001100101111010001111000010100111110001000110010101

INFO Case 1  COMPLETE <<<<<<<<<<<<<<<<<<<<<<<<<<<<<<<<<<<<<<<<<<<<<<<<<<<<<<<<<<<<<<<<<<<<



INFO Задание №3. Алгоритм шифрования RSA. Сгенерируйте открытый и
закрытый ключи в алгоритме шифрования RSA, выбрав простые числа p и q
из первой сотни. Зашифруйте сообщение, состоящее из ваших инициалов: ФИО.

INFO >>>>>>>>>>>>>>>>>>>>>>>>>>>>>>>>>>>>>>>>>>>>>>>>>>>>>>>>>>>>>>>>>>>>>>>>>>


INFO p = 23
INFO q = 13
INFO p*q = 299
INFO Функция Эйлера = 264
INFO d = 264
INFO e = 264
INFO Открытый ключ (53,299)
INFO Секретный ключ (5,299)
INFO Сообщение ГВА -> Шифр 65,181,147
INFO Шифр 65,181,147 -> Сообщение ГВА

INFO Case 3  COMPLETE <<<<<<<<<<<<<<<<<<<<<<<<<<<<<<<<<<<<<<<<<<<<<<<<<<<<<<<<<<<<<<<<<<<<



INFO Задание №3. Алгоритм шифрования RSA. Сгенерируйте открытый и
закрытый ключи в алгоритме шифрования RSA, выбрав простые числа p и q
из первой сотни. Зашифруйте сообщение, состоящее из ваших инициалов: ФИО.

INFO >>>>>>>>>>>>>>>>>>>>>>>>>>>>>>>>>>>>>>>>>>>>>>>>>>>>>>>>>>>>>>>>>>>>>>>>>>


INFO p = 23
INFO q = 13
INFO p*q = 299
INFO Функция Эйлера = 264
INFO d = 264
INFO e = 264
INFO Открытый ключ (53,299)
INFO Секретный ключ (5,299)
INFO Сообщение ГВА -> Шифр 65,181,147
INFO Шифр 65,181,147 -> Сообщение ГВА

INFO Case 3  COMPLETE <<<<<<<<<<<<<<<<<<<<<<<<<<<<<<<<<<<<<<<<<<<<<<<<<<<<<<<<<<<<<<<<<<<<



INFO Задание №4. Функция хеширования. Найти хеш–образ своей Фамилии, используя хеш–функцию
H_i =〖(H_(i - 1) + M_i)〗^2 mod n
где n = pq, p, q взять из Задания №3.

INFO >>>>>>>>>>>>>>>>>>>>>>>>>>>>>>>>>>>>>>>>>>>>>>>>>>>>>>>>>>>>>>>>>>>>>>>>>>


INFO p = 23
INFO q = 13
INFO H = 5
INFO n = p*q = 299
INFO Сообщение = "ГОЛУБЕВВ"
INFO H0 = 5
INFO H1 = 233
INFO H2 = 165
INFO H3 = 276
INFO H4 = 62
INFO H5 = 142
INFO H6 = 105
INFO H7 = 0
INFO H8 = 261
INFO Хэш ГОЛУБЕВВ -> 5
INFO Case 4  COMPLETE <<<<<<<<<<<<<<<<<<<<<<<<<<<<<<<<<<<<<<<<<<<<<<<<<<<<<<<<<<<<<<<<<<<<



INFO Задание №5. Электронная цифровая подпись. Используя хеш-образ своей Фамилии, вычислите электронную цифровую подпись по схеме RSA.

INFO >>>>>>>>>>>>>>>>>>>>>>>>>>>>>>>>>>>>>>>>>>>>>>>>>>>>>>>>>>>>>>>>>>>>>>>>>>


INFO p = 31
INFO q = 23
INFO H = 5
INFO n = p*q = 713
INFO Функция Эйлера = 660
INFO d = 660
INFO e = 660
INFO Открытый ключ (283,713)
INFO Секретный ключ (7,713)
INFO Сообщение = "ГОЛУБЕВВ"
INFO H0 = 5
INFO H1 = 72
INFO H2 = 280
INFO H3 = 138
INFO H4 = 591
INFO H5 = 50
INFO H6 = 404
INFO H7 = 391
INFO H8 = 698
INFO Хэш ГОЛУБЕВВ -> 698
INFO ХЕШ 698 -> ЭЦП 4. (Согласно открытым ключам)

INFO Проверка ЭЦП 4 -> 698. (Согласно серктным ключам)

INFO Case 5  COMPLETE <<<<<<<<<<<<<<<<<<<<<<<<<<<<<<<<<<<<<<<<<<<<<<<<<<<<<<<<<<<<<<<<<<<<



