INFO Задание №1. Алгоритм шифрования DES. Выполните первый цикл алгоритма
шифрования DES. Для получения 64 бит исходного текста используйте 8
первых букв из своих данных: Фамилии Имени Отчества. Для получения
ключа (256 бит) используют текст, состоящий из 32 букв.

INFO >>>>>>>>>>>>>>>>>>>>>>>>>>>>>>>>>>>>>>>>>>>>>>>>>>>>>>>>>>>>>>>>>>>>>>>>>>


INFO Перевод входящего сообщения ГОЛУБЕВВ в двоичный код (кодировка ASCII) = 1100001111001110110010111101001111000001110001011100001011000010

INFO Перевод первого подключа АЛЕКСАН в двоичный код (кодировка ASCII) X0 = 11000000110010111100010111001010110100011100000011001101

INFO Уменьшаем длину ключа X0 до 48 бит
 Результат Х0 = 110000011001011100010110010111010001100000110011

INFO Выполняем операцию перестановки битовой последовательности исходного сообщения.
Результат = 1111111100001000001000100011110111111111000000000000011011001111

INFO Получаем L0 = 11111111000010000010001000111101

INFO Получаем R0 = 11111111000000000000011011001111

INFO Расширенный R0 = 111111111110100000000000000000001101011001011111

INFO Результат сложения X0 и R0 = 001111100111111100010110010111011100111001101100

INFO s-box1: Строка-1 Столбец-7 Значиение-1-0001
INFO s-box2: Строка-3 Столбец-3 Значиение-1-0001
INFO s-box3: Строка-2 Столбец-14 Значиение-14-1110
INFO s-box4: Строка-0 Столбец-11 Значиение-5-0101
INFO s-box5: Строка-1 Столбец-11 Значиение-10-1010
INFO s-box6: Строка-0 Столбец-14 Значиение-5-0101
INFO s-box7: Строка-3 Столбец-12 Значиение-14-1110
INFO s-box8: Строка-2 Столбец-6 Значиение-14-1110
INFO Результат подстановок из таблиц = 00010001111001011010010111101110

INFO Результат перестановки = 10001001000100110111010110101111

INFO Обхединение R и L = 1000100100010011011101011010111111111111000010000010001000111101

INFO Итоговая перестановка. Результат = 1101011110011001100001111110001110010110100011111000010011000001

INFO Case 1  COMPLETE <<<<<<<<<<<<<<<<<<<<<<<<<<<<<<<<<<<<<<<<<<<<<<<<<<<<<<<<<<<<<<<<<<<<



