INFO Задание №1. Алгоритм шифрования DES. Выполните первый цикл алгоритма
шифрования DES. Для получения 64 бит исходного текста используйте 8
первых букв из своих данных: Фамилии Имени Отчества. Для получения
ключа (256 бит) используют текст, состоящий из 32 букв.

INFO >>>>>>>>>>>>>>>>>>>>>>>>>>>>>>>>>>>>>>>>>>>>>>>>>>>>>>>>>>>>>>>>>>>>>>>>>>


INFO Перевод входящего сообщения ГОЛУБЕВВ в двоичный код (кодировка ASCII) = 1100001111001110110010111101001111000001110001011100001011000010

INFO Перевод первого подключа АЛЕКСАН в двоичный код (кодировка ASCII) X0 = 11000000110010111100010111001010110100011100000011001101

INFO Уменьшаем длину ключа X0 до 48 бит
 Резулььтат Х0 = 110000011001011100010110010111010001100000110011

INFO Выполняем операцию перестановки битовой последовательности исходного сообщения.
Результат = 1111111100001000001000100011110111111111000000000000011011001111

INFO Получаем L0 = 11111111000010000010001000111101

INFO Получаем R0 = 11111111000000000000011011001111

INFO Расширенный R0 = 111111111111100001100001100001101101111001111111

INFO Результат сложения X0 и R0 = 001111100110111101110111110110111100011001001100

INFO s- box1: 0001

INFO s- box2: 1011

INFO s- box3: 10

INFO s- box4: 1011

INFO s- box5: 101

INFO s- box6: 1011

INFO s- box7: 10

INFO s- box8: 1011

INFO Результат подстановок из таблиц = 00011011001010110101101100101011

INFO Обхединение R и L = 0001101100101011010110110010101111111111000010000010001000111101

INFO Итоговая перестановка. Результат = 1101011111011101100000101111011111000110100110111000010010000000

INFO Case 1  COMPLETE <<<<<<<<<<<<<<<<<<<<<<<<<<<<<<<<<<<<<<<<<<<<<<<<<<<<<<<<<<<<<<<<<<<<



INFO Задание №2. Алгоритм шифрования ГОСТ 28147-89. Выполните первый цикл
алгоритма шифрования ГОСТ 28147 89 в режиме простой замены. Для
получения 64 бит исходного текста используйте 8 первых букв из своих
данных: Фамилии Имени Отчества. Для получения ключа (256 бит)
используют текст, состоящий из 32 букв. Первый подключ содержит первые 4 буквы.

INFO >>>>>>>>>>>>>>>>>>>>>>>>>>>>>>>>>>>>>>>>>>>>>>>>>>>>>>>>>>>>>>>>>>>>>>>>>>


INFO Перевод входящего сообщения ГОЛУБЕВВ в двоичный код (кодировка ASCII) = 1100001111001110110010111101001111000001110001011100001011000010

INFO Перевод подключа АЛЕК в двоичный код (кодировка ASCII) = 11000000110010111100010111001010

INFO L0 = 
INFO R0 = 
INFO Результат суммирования R0 + X0 по mod 2^32 = 10000010100100011000100010001100

INFO Результат суммирования R0 + X0 по mod 2^32 преобразуем в блоке подстановки.
Результат подстановки = 10010100011011001110111000100111

INFO После циклического сдвига на 11 = 01100111011100010011110010100011

INFO Результат. R1 = 10100100101111111111011101110000
INFO Case 2  COMPLETE <<<<<<<<<<<<<<<<<<<<<<<<<<<<<<<<<<<<<<<<<<<<<<<<<<<<<<<<<<<<<<<<<<<<



INFO Задание №3. Алгоритм шифрования RSA. Сгенерируйте открытый и
закрытый ключи в алгоритме шифрования RSA, выбрав простые числа p и q
из первой сотни. Зашифруйте сообщение, состоящее из ваших инициалов: ФИО.

INFO >>>>>>>>>>>>>>>>>>>>>>>>>>>>>>>>>>>>>>>>>>>>>>>>>>>>>>>>>>>>>>>>>>>>>>>>>>


INFO p = 23
INFO q = 13
INFO p*q = 299
INFO Функция Эйлера = 264
INFO d = 264
INFO e = 264
INFO Открытый ключ (53,299)
INFO Секретный ключ (5,299)
INFO Сообщение ГОЛУБЕВВ -> Шифр 65,137,125,243,163,279,181,181
INFO Шифр 65,137,125,243,163,279,181,181 -> Сообщение ГОЛУБЕВВ

INFO Case 3  COMPLETE <<<<<<<<<<<<<<<<<<<<<<<<<<<<<<<<<<<<<<<<<<<<<<<<<<<<<<<<<<<<<<<<<<<<



INFO Задание №4. Функция хеширования. Найти хеш–образ своей Фамилии, используя хеш–функцию
H_i =〖(H_(i - 1) + M_i)〗^2 mod n
где n = pq, p, q взять из Задания №3.

INFO >>>>>>>>>>>>>>>>>>>>>>>>>>>>>>>>>>>>>>>>>>>>>>>>>>>>>>>>>>>>>>>>>>>>>>>>>>


INFO p = 23
INFO q = 13
INFO H = 5
INFO n = p*q = 299
INFO Сообщение = "ГОЛУБЕВВ"
INFO H0 = 5
INFO H1 = 233
INFO H2 = 165
INFO H3 = 276
INFO H4 = 62
INFO H5 = 142
INFO H6 = 105
INFO H7 = 0
INFO H8 = 261
INFO Хэш ГОЛУБЕВВ -> 5
INFO Case 4  COMPLETE <<<<<<<<<<<<<<<<<<<<<<<<<<<<<<<<<<<<<<<<<<<<<<<<<<<<<<<<<<<<<<<<<<<<



INFO Задание №5. Электронная цифровая подпись. Используя хеш-образ своей Фамилии, вычислите электронную цифровую подпись по схеме RSA.

INFO >>>>>>>>>>>>>>>>>>>>>>>>>>>>>>>>>>>>>>>>>>>>>>>>>>>>>>>>>>>>>>>>>>>>>>>>>>


INFO p = 31
INFO q = 23
INFO H = 5
INFO n = p*q = 713
INFO Функция Эйлера = 660
INFO d = 660
INFO e = 660
INFO Открытый ключ (283,713)
INFO Секретный ключ (7,713)
INFO Сообщение = "ГОЛУБЕВВ"
INFO H0 = 5
INFO H1 = 72
INFO H2 = 280
INFO H3 = 138
INFO H4 = 591
INFO H5 = 50
INFO H6 = 404
INFO H7 = 391
INFO H8 = 698
INFO Хэш ГОЛУБЕВВ -> 698
INFO ХЕШ 698 -> ЭЦП 4. (Согласно открытым ключам)

INFO Проверка ЭЦП 4 -> 698. (Согласно серктным ключам)

INFO Case 5  COMPLETE <<<<<<<<<<<<<<<<<<<<<<<<<<<<<<<<<<<<<<<<<<<<<<<<<<<<<<<<<<<<<<<<<<<<



